<<<<<<< HEAD
C:\Users\Kyle\Documents\Development\GamePlatform\Engine\Assets\AssetBase.h
C:\Users\Kyle\Documents\Development\GamePlatform\Engine\Assets\AssetData.h
C:\Users\Kyle\Documents\Development\GamePlatform\Engine\Assets\AssetHandle.h
C:\Users\Kyle\Documents\Development\GamePlatform\Engine\Assets\AssetSystem.h
C:\Users\Kyle\Documents\Development\GamePlatform\Engine\Assets\FontFaceAsset.h
C:\Users\Kyle\Documents\Development\GamePlatform\Engine\Assets\FontFamilyAsset.h
C:\Users\Kyle\Documents\Development\GamePlatform\Engine\Assets\MeshAsset.h
C:\Users\Kyle\Documents\Development\GamePlatform\Engine\Core\Engine.h
C:\Users\Kyle\Documents\Development\GamePlatform\Engine\Core\Event.h
C:\Users\Kyle\Documents\Development\GamePlatform\Engine\Core\Export.h
C:\Users\Kyle\Documents\Development\GamePlatform\Engine\Core\IFileSystemWatcher.h
C:\Users\Kyle\Documents\Development\GamePlatform\Engine\Core\LogSystem.h
C:\Users\Kyle\Documents\Development\GamePlatform\Engine\Core\TimeProvider.h
C:\Users\Kyle\Documents\Development\GamePlatform\Engine\Input\IInputFocusable.h
C:\Users\Kyle\Documents\Development\GamePlatform\Engine\Input\Input.h
C:\Users\Kyle\Documents\Development\GamePlatform\Engine\Input\InputSystem.h
C:\Users\Kyle\Documents\Development\GamePlatform\Engine\Input\KeyCode.h
C:\Users\Kyle\Documents\Development\GamePlatform\Engine\Instance\Instance.h
C:\Users\Kyle\Documents\Development\GamePlatform\Engine\Instance\ObjectInstance.h
C:\Users\Kyle\Documents\Development\GamePlatform\Engine\Instance\System.h
C:\Users\Kyle\Documents\Development\GamePlatform\Engine\Instance\World.h
C:\Users\Kyle\Documents\Development\GamePlatform\Engine\Network\NetworkServer.h
C:\Users\Kyle\Documents\Development\GamePlatform\Engine\Physics\Attachment.h
C:\Users\Kyle\Documents\Development\GamePlatform\Engine\Physics\BoxCollider.h
C:\Users\Kyle\Documents\Development\GamePlatform\Engine\Physics\ColliderBase.h
C:\Users\Kyle\Documents\Development\GamePlatform\Engine\Physics\PhysicalProperties.h
C:\Users\Kyle\Documents\Development\GamePlatform\Engine\Physics\PhysicsSystem.h
C:\Users\Kyle\Documents\Development\GamePlatform\Engine\Physics\RigidBody.h
C:\Users\Kyle\Documents\Development\GamePlatform\Engine\Physics\Constraints\ConstraintBase.h
C:\Users\Kyle\Documents\Development\GamePlatform\Engine\Physics\Constraints\HingeConstraint.h
C:\Users\Kyle\Documents\Development\GamePlatform\Engine\Platform\PlatformWindow.h
C:\Users\Kyle\Documents\Development\GamePlatform\Engine\Platform\Viewport.h
C:\Users\Kyle\Documents\Development\GamePlatform\Engine\Player\Player.h
C:\Users\Kyle\Documents\Development\GamePlatform\Engine\Player\PlayerSystem.h
C:\Users\Kyle\Documents\Development\GamePlatform\Engine\Rendering\Camera.h
C:\Users\Kyle\Documents\Development\GamePlatform\Engine\Rendering\IRenderable.h
C:\Users\Kyle\Documents\Development\GamePlatform\Engine\Rendering\IRenderer.h
C:\Users\Kyle\Documents\Development\GamePlatform\Engine\Rendering\TextSystem.h
C:\Users\Kyle\Documents\Development\GamePlatform\Engine\Replication\NetworkClient.h
C:\Users\Kyle\Documents\Development\GamePlatform\Engine\Replication\NetworkPeer.h
C:\Users\Kyle\Documents\Development\GamePlatform\Engine\Replication\Replicator.h
C:\Users\Kyle\Documents\Development\GamePlatform\Engine\UI\UIBase.h
C:\Users\Kyle\Documents\Development\GamePlatform\Engine\UI\UIButton.h
C:\Users\Kyle\Documents\Development\GamePlatform\Engine\UI\UIFrame.h
C:\Users\Kyle\Documents\Development\GamePlatform\Engine\UI\UILayer.h
C:\Users\Kyle\Documents\Development\GamePlatform\Engine\UI\UIScreenLayer.h
C:\Users\Kyle\Documents\Development\GamePlatform\Engine\UI\UISurfaceLayer.h
C:\Users\Kyle\Documents\Development\GamePlatform\Engine\UI\UISystem.h
C:\Users\Kyle\Documents\Development\GamePlatform\Engine\Utility\LRUCache.h
=======
/Users/kyleemmerich/Documents/GitHub/GamePlatform/Engine/UI/UIFrame.h
/Users/kyleemmerich/Documents/GitHub/GamePlatform/Engine/UI/UILayer.h
/Users/kyleemmerich/Documents/GitHub/GamePlatform/Engine/UI/UIBase.h
/Users/kyleemmerich/Documents/GitHub/GamePlatform/Engine/UI/UISurfaceLayer.h
/Users/kyleemmerich/Documents/GitHub/GamePlatform/Engine/UI/UIScreenLayer.h
/Users/kyleemmerich/Documents/GitHub/GamePlatform/Engine/UI/UISystem.h
/Users/kyleemmerich/Documents/GitHub/GamePlatform/Engine/UI/UIButton.h
/Users/kyleemmerich/Documents/GitHub/GamePlatform/Engine/Core/Engine.h
/Users/kyleemmerich/Documents/GitHub/GamePlatform/Engine/Core/Export.h
/Users/kyleemmerich/Documents/GitHub/GamePlatform/Engine/Core/LogSystem.h
/Users/kyleemmerich/Documents/GitHub/GamePlatform/Engine/Core/Event.h
/Users/kyleemmerich/Documents/GitHub/GamePlatform/Engine/Core/TimeProvider.h
/Users/kyleemmerich/Documents/GitHub/GamePlatform/Engine/Input/InputSystem.h
/Users/kyleemmerich/Documents/GitHub/GamePlatform/Engine/Input/Input.h
/Users/kyleemmerich/Documents/GitHub/GamePlatform/Engine/Input/IInputFocusable.h
/Users/kyleemmerich/Documents/GitHub/GamePlatform/Engine/Input/KeyCode.h
/Users/kyleemmerich/Documents/GitHub/GamePlatform/Engine/Platform/Viewport.h
/Users/kyleemmerich/Documents/GitHub/GamePlatform/Engine/Platform/PlatformWindow.h
/Users/kyleemmerich/Documents/GitHub/GamePlatform/Engine/Network/NetworkServer.h
/Users/kyleemmerich/Documents/GitHub/GamePlatform/Engine/Instance/ObjectInstance.h
/Users/kyleemmerich/Documents/GitHub/GamePlatform/Engine/Instance/World.h
/Users/kyleemmerich/Documents/GitHub/GamePlatform/Engine/Instance/Instance.h
/Users/kyleemmerich/Documents/GitHub/GamePlatform/Engine/Instance/System.h
/Users/kyleemmerich/Documents/GitHub/GamePlatform/Engine/Rendering/Camera.h
/Users/kyleemmerich/Documents/GitHub/GamePlatform/Engine/Rendering/IRenderer.h
/Users/kyleemmerich/Documents/GitHub/GamePlatform/Engine/Rendering/IRenderable.h
/Users/kyleemmerich/Documents/GitHub/GamePlatform/Engine/Replication/NetworkPeer.h
/Users/kyleemmerich/Documents/GitHub/GamePlatform/Engine/Replication/Replicator.h
/Users/kyleemmerich/Documents/GitHub/GamePlatform/Engine/Replication/NetworkClient.h
/Users/kyleemmerich/Documents/GitHub/GamePlatform/Engine/Physics/BoxCollider.h
/Users/kyleemmerich/Documents/GitHub/GamePlatform/Engine/Physics/ColliderBase.h
/Users/kyleemmerich/Documents/GitHub/GamePlatform/Engine/Physics/PhysicalProperties.h
/Users/kyleemmerich/Documents/GitHub/GamePlatform/Engine/Physics/Attachment.h
/Users/kyleemmerich/Documents/GitHub/GamePlatform/Engine/Physics/RigidBody.h
/Users/kyleemmerich/Documents/GitHub/GamePlatform/Engine/Physics/PhysicsSystem.h
/Users/kyleemmerich/Documents/GitHub/GamePlatform/Engine/Physics/Constraints/ConstraintBase.h
/Users/kyleemmerich/Documents/GitHub/GamePlatform/Engine/Physics/Constraints/HingeConstraint.h
/Users/kyleemmerich/Documents/GitHub/GamePlatform/Engine/Assets/AssetBase.h
/Users/kyleemmerich/Documents/GitHub/GamePlatform/Engine/Assets/MeshAsset.h
/Users/kyleemmerich/Documents/GitHub/GamePlatform/Engine/Assets/AssetSystem.h
/Users/kyleemmerich/Documents/GitHub/GamePlatform/Engine/Player/Player.h
/Users/kyleemmerich/Documents/GitHub/GamePlatform/Engine/Player/PlayerSystem.h
/Users/kyleemmerich/Documents/GitHub/GamePlatform/Engine/Utility/LRUCache.h
>>>>>>> 0b27b9730943dd17982fb269f8c331f04dcab9bb
