Build started 12/12/2025 5:00:09 PM.
Logging verbosity is set to: Normal.     1>Project "C:\Users\Kyle\Documents\Development\GamePlatform\CRTPExperiment.vcxproj" on node 2 (Build target(s)).
     1>PrepareForBuild:
         Structured output is enabled. The formatting of compiler diagnostics will reflect the error hierarchy. See https://aka.ms/cpp/structured-output for more details.
       InitializeBuildStatus:
         Touching "CRTPExperiment.dir\Debug\CRTPExperiment.tlog\unsuccessfulbuild".
       CustomBuild:
         All outputs are up-to-date.
     1>Project "C:\Users\Kyle\Documents\Development\GamePlatform\CRTPExperiment.vcxproj" (1) is building "C:\Users\Kyle\Documents\Development\GamePlatform\ZERO_CHECK.vcxproj" (2:3) on node 2 (GetProjectInfoForReference target(s)).
     2>PrepareForBuild:
         Structured output is enabled. The formatting of compiler diagnostics will reflect the error hierarchy. See https://aka.ms/cpp/structured-output for more details.
     2>Done Building Project "C:\Users\Kyle\Documents\Development\GamePlatform\ZERO_CHECK.vcxproj" (GetProjectInfoForReference target(s)).
     1>ComputeStdModulesCompileInputs:
         Reading library manifest file 'C:\Program Files\Microsoft Visual Studio\2022\Community\VC\Tools\MSVC\14.44.35207\modules\modules.json' which provides data for library 'microsoft/STL'.
         Adding module source 'C:\Program Files\Microsoft Visual Studio\2022\Community\VC\Tools\MSVC\14.44.35207\modules\std.ixx' from library 'microsoft/STL' to be built with this project.
         Adding module source 'C:\Program Files\Microsoft Visual Studio\2022\Community\VC\Tools\MSVC\14.44.35207\modules\std.compat.ixx' from library 'microsoft/STL' to be built with this project.
       ClCompile:
         C:\Program Files\Microsoft Visual Studio\2022\Community\VC\Tools\MSVC\14.44.35207\bin\HostX64\x64\CL.exe /c /Zi /nologo /W3 /WX- /diagnostics:column /Od /Ob0 /D _MBCS /D WIN32 /D _WINDOWS /D "CMAKE_INTDIR=\"Debug\"" /EHsc /RTC1 /MDd /GS /fp:precise /GR /std:c++23preview /Fo"CRTPExperiment.dir\Debug\\" /Fd"CRTPExperiment.dir\Debug\vc143.pdb" /external:W3 /Gd /TP /errorReport:prompt C:\Users\Kyle\Documents\Development\GamePlatform\CRTPExperiment\main.cpp
         main.cpp
       Link:
         C:\Program Files\Microsoft Visual Studio\2022\Community\VC\Tools\MSVC\14.44.35207\bin\HostX64\x64\link.exe /OUT:"C:\Users\Kyle\Documents\Development\GamePlatform\Debug\CRTPExperiment.exe" /INCREMENTAL /ILK:"CRTPExperiment.dir\Debug\CRTPExperiment.ilk" /NOLOGO kernel32.lib user32.lib gdi32.lib winspool.lib shell32.lib ole32.lib oleaut32.lib uuid.lib comdlg32.lib advapi32.lib /MANIFEST /MANIFESTUAC:"level='asInvoker' uiAccess='false'" /manifest:embed /DEBUG /PDB:"C:/Users/Kyle/Documents/Development/GamePlatform/Debug/CRTPExperiment.pdb" /SUBSYSTEM:CONSOLE /TLBID:1 /IMPLIB:"C:/Users/Kyle/Documents/Development/GamePlatform/Debug/CRTPExperiment.lib" /MACHINE:X64  /machine:x64 CRTPExperiment.dir\Debug\main.obj
         CRTPExperiment.vcxproj -> C:\Users\Kyle\Documents\Development\GamePlatform\Debug\CRTPExperiment.exe
       FinalizeBuildStatus:
         Deleting file "CRTPExperiment.dir\Debug\CRTPExperiment.tlog\unsuccessfulbuild".
         Touching "CRTPExperiment.dir\Debug\CRTPExperiment.tlog\CRTPExperiment.lastbuildstate".
     1>Done Building Project "C:\Users\Kyle\Documents\Development\GamePlatform\CRTPExperiment.vcxproj" (Build target(s)).

Build succeeded.
    0 Warning(s)
    0 Error(s)

Time Elapsed 00:00:00.79
